<?xml version="1.0" encoding="UTF-8"?>
<!-- Generated by org.testng.reporters.JUnitReportReporter -->
<testsuite hostname="DESKTOP-3CBGDHB" failures="0" tests="5" name="com.tekarch.simpleTest.LoginWithValidCred" time="12.208" errors="0" timestamp="2023-03-12T17:29:14 EDT" skipped="0">
  <testcase classname="com.tekarch.simpleTest.LoginWithValidCred" name="loginValid" time="2.210"/>
  <system-out/>
  <testcase classname="com.tekarch.simpleTest.LoginWithValidCred" name="createData" time="0.398"/>
  <system-out/>
  <testcase classname="com.tekarch.simpleTest.LoginWithValidCred" name="UpdateData" time="1.887"/>
  <system-out/>
  <testcase classname="com.tekarch.simpleTest.LoginWithValidCred" name="getData" time="5.834"/>
  <system-out/>
  <testcase classname="com.tekarch.simpleTest.LoginWithValidCred" name="DeleteData" time="1.879"/>
  <system-out/>
</testsuite> <!-- com.tekarch.simpleTest.LoginWithValidCred -->
